<?xml version="1.0" encoding="UTF-8"?>
<robot generator="Robot 5.0 (Python 3.10.4 on win32)" generated="20220518 13:50:45.674" rpa="false" schemaversion="3">
<suite id="s1" name="Test" source="C:\Users\Cloud Analogy\PycharmProjects\pythonProject\package1\test.robot">
<test id="s1-t1" name="TC_RequestChaining" line="10">
<kw name="Create Session" library="RequestsLibrary">
<arg>fetchData</arg>
<arg>${url}</arg>
<doc>Create Session: create a HTTP session to a server</doc>
<msg timestamp="20220518 13:50:46.124" level="INFO">Creating Session using : alias=fetchData, url=http://thetestingworldapi.com/, headers={},                     cookies={}, auth=None, timeout=None, proxies=None, verify=False,                     debug=0 </msg>
<status status="PASS" starttime="20220518 13:50:46.123" endtime="20220518 13:50:46.124"/>
</kw>
<kw name="Create Dictionary" library="BuiltIn">
<var>&amp;{body}</var>
<arg>first_name=Juhi</arg>
<arg>middle_name=rajput</arg>
<arg>last_name=chauhan</arg>
<arg>date_of_birth=04/06/1999</arg>
<doc>Creates and returns a dictionary based on the given ``items``.</doc>
<msg timestamp="20220518 13:50:46.126" level="INFO">&amp;{body} = { first_name=Juhi | middle_name=rajput | last_name=chauhan | date_of_birth=04/06/1999 }</msg>
<status status="PASS" starttime="20220518 13:50:46.125" endtime="20220518 13:50:46.126"/>
</kw>
<kw name="Create Dictionary" library="BuiltIn">
<var>&amp;{header}</var>
<arg>Content-Type=application/json</arg>
<arg>Accept=application/json</arg>
<doc>Creates and returns a dictionary based on the given ``items``.</doc>
<msg timestamp="20220518 13:50:46.127" level="INFO">&amp;{header} = { Content-Type=application/json | Accept=application/json }</msg>
<status status="PASS" starttime="20220518 13:50:46.127" endtime="20220518 13:50:46.127"/>
</kw>
<kw name="Post Request" library="RequestsLibrary">
<var>${response}</var>
<arg>fetchData</arg>
<arg>api/studentsDetails</arg>
<arg>data=${body}</arg>
<arg>headers=${header}</arg>
<doc>*DEPRECATED* Please use `POST On Session` instead.</doc>
<msg timestamp="20220518 13:50:46.128" level="WARN">Keyword 'RequestsLibrary.Post Request' is deprecated. Please use `POST On Session` instead.</msg>
<msg timestamp="20220518 13:50:46.361" level="INFO">POST Request : url=http://thetestingworldapi.com/api/studentsDetails 
 path_url=/api/studentsDetails 
 headers={'User-Agent': 'python-requests/2.27.1', 'Accept-Encoding': 'gzip, deflate', 'Accept': 'application/json', 'Connection': 'keep-alive', 'Content-Type': 'application/json', 'Content-Length': '102'} 
 body={"first_name": "Juhi", "middle_name": "rajput", "last_name": "chauhan", "date_of_birth": "04/06/1999"} 
 </msg>
<msg timestamp="20220518 13:50:46.362" level="INFO">POST Response : url=http://thetestingworldapi.com/api/studentsDetails 
 status=201, reason=Created 
 headers={'Cache-Control': 'no-cache', 'Pragma': 'no-cache', 'Content-Type': 'application/json; charset=utf-8', 'Expires': '-1', 'Location': 'http://thetestingworldapi.com/api/studentsDetails/1207396', 'Server': 'Microsoft-IIS/8.5', 'X-AspNet-Version': '4.0.30319', 'X-Powered-By': 'ASP.NET', 'X-Powered-By-Plesk': 'PleskWin', 'Date': 'Wed, 18 May 2022 08:20:47 GMT', 'Content-Length': '108'} 
 body={"id":1207396,"first_name":"Juhi","middle_name":"rajput","last_name":"chauhan","date_of_birth":"04/06/1999"} 
 </msg>
<msg timestamp="20220518 13:50:46.362" level="INFO">${response} = &lt;Response [201]&gt;</msg>
<status status="PASS" starttime="20220518 13:50:46.128" endtime="20220518 13:50:46.363"/>
</kw>
<kw name="Log To Console" library="BuiltIn">
<arg>${response.status_code}</arg>
<doc>Logs the given message to the console.</doc>
<status status="PASS" starttime="20220518 13:50:46.365" endtime="20220518 13:50:46.373"/>
</kw>
<kw name="Log To Console" library="BuiltIn">
<arg>${response.content}</arg>
<doc>Logs the given message to the console.</doc>
<status status="PASS" starttime="20220518 13:50:46.376" endtime="20220518 13:50:46.382"/>
</kw>
<kw name="To Json" library="RequestsLibrary">
<var>${json_response}</var>
<arg>${response.content}</arg>
<doc>*DEPRECATED* Please use ${resp.json()} instead. Have a look at the improved HTML output as pretty printing replacement.</doc>
<msg timestamp="20220518 13:50:46.385" level="WARN">Keyword 'RequestsLibrary.To Json' is deprecated. Please use ${resp.json()} instead. Have a look at the improved HTML output as pretty printing replacement.</msg>
<msg timestamp="20220518 13:50:46.403" level="INFO">To JSON using : content={"id":1207396,"first_name":"Juhi","middle_name":"rajput","last_name":"chauhan","date_of_birth":"04/06/1999"} </msg>
<msg timestamp="20220518 13:50:46.403" level="INFO">To JSON using : pretty_print=False </msg>
<msg timestamp="20220518 13:50:46.405" level="INFO">${json_response} = {'id': 1207396, 'first_name': 'Juhi', 'middle_name': 'rajput', 'last_name': 'chauhan', 'date_of_birth': '04/06/1999'}</msg>
<status status="PASS" starttime="20220518 13:50:46.385" endtime="20220518 13:50:46.405"/>
</kw>
<kw name="Get Value From Json" library="JSONLibrary">
<var>${value_id}</var>
<arg>${json_response}</arg>
<arg>id</arg>
<doc>Get Value From JSON using JSONPath</doc>
<msg timestamp="20220518 13:50:46.531" level="INFO">${value_id} = [1207396]</msg>
<status status="PASS" starttime="20220518 13:50:46.411" endtime="20220518 13:50:46.531"/>
</kw>
<kw name="Get From List" library="Collections">
<var>${id}</var>
<arg>${value_id}</arg>
<arg>0</arg>
<doc>Returns the value specified with an ``index`` from ``list``.</doc>
<msg timestamp="20220518 13:50:46.532" level="INFO">${id} = 1207396</msg>
<status status="PASS" starttime="20220518 13:50:46.532" endtime="20220518 13:50:46.532"/>
</kw>
<kw name="Log To Console" library="BuiltIn">
<arg>${id}</arg>
<doc>Logs the given message to the console.</doc>
<status status="PASS" starttime="20220518 13:50:46.533" endtime="20220518 13:50:46.534"/>
</kw>
<status status="PASS" starttime="20220518 13:50:46.122" endtime="20220518 13:50:46.534"/>
</test>
<status status="PASS" starttime="20220518 13:50:45.677" endtime="20220518 13:50:46.537"/>
</suite>
<statistics>
<total>
<stat pass="1" fail="0" skip="0">All Tests</stat>
</total>
<tag>
</tag>
<suite>
<stat pass="1" fail="0" skip="0" id="s1" name="Test">Test</stat>
</suite>
</statistics>
<errors>
<msg timestamp="20220518 13:50:46.128" level="WARN">Keyword 'RequestsLibrary.Post Request' is deprecated. Please use `POST On Session` instead.</msg>
<msg timestamp="20220518 13:50:46.385" level="WARN">Keyword 'RequestsLibrary.To Json' is deprecated. Please use ${resp.json()} instead. Have a look at the improved HTML output as pretty printing replacement.</msg>
</errors>
</robot>
